ARM GAS  /tmp/ccygkWh8.s 			page 1


   1              		.cpu cortex-m4
   2              		.eabi_attribute 27, 1
   3              		.eabi_attribute 28, 1
   4              		.eabi_attribute 20, 1
   5              		.eabi_attribute 21, 1
   6              		.eabi_attribute 23, 3
   7              		.eabi_attribute 24, 1
   8              		.eabi_attribute 25, 1
   9              		.eabi_attribute 26, 1
  10              		.eabi_attribute 30, 1
  11              		.eabi_attribute 34, 1
  12              		.eabi_attribute 18, 4
  13              		.file	"at32f4xx_syscfg.c"
  14              		.text
  15              	.Ltext0:
  16              		.cfi_sections	.debug_frame
  17              		.section	.text.SYSCFG_DeInit,"ax",%progbits
  18              		.align	1
  19              		.global	SYSCFG_DeInit
  20              		.arch armv7e-m
  21              		.syntax unified
  22              		.thumb
  23              		.thumb_func
  24              		.fpu fpv4-sp-d16
  26              	SYSCFG_DeInit:
  27              	.LFB123:
  28              		.file 1 "./lib/src/at32f4xx_syscfg.c"
   1:./lib/src/at32f4xx_syscfg.c **** /**
   2:./lib/src/at32f4xx_syscfg.c ****   **************************************************************************
   3:./lib/src/at32f4xx_syscfg.c ****   * File   : at32f4xx_syscfg.c
   4:./lib/src/at32f4xx_syscfg.c ****   * Version: V1.2.4
   5:./lib/src/at32f4xx_syscfg.c ****   * Date   : 2020-08-26
   6:./lib/src/at32f4xx_syscfg.c ****   * Brief  : at32f4xx syscfg source file
   7:./lib/src/at32f4xx_syscfg.c ****   **************************************************************************
   8:./lib/src/at32f4xx_syscfg.c ****   */
   9:./lib/src/at32f4xx_syscfg.c **** 
  10:./lib/src/at32f4xx_syscfg.c **** #include "at32f4xx_syscfg.h"
  11:./lib/src/at32f4xx_syscfg.c **** 
  12:./lib/src/at32f4xx_syscfg.c **** /** @addtogroup at32f4xx_StdPeriph_Driver
  13:./lib/src/at32f4xx_syscfg.c ****   * @{
  14:./lib/src/at32f4xx_syscfg.c ****   */
  15:./lib/src/at32f4xx_syscfg.c **** 
  16:./lib/src/at32f4xx_syscfg.c **** #if defined (AT32F421xx)
  17:./lib/src/at32f4xx_syscfg.c **** 
  18:./lib/src/at32f4xx_syscfg.c **** /** @defgroup SYSCFG 
  19:./lib/src/at32f4xx_syscfg.c ****   * @brief SYSCFG driver modules
  20:./lib/src/at32f4xx_syscfg.c ****   * @{
  21:./lib/src/at32f4xx_syscfg.c ****   */
  22:./lib/src/at32f4xx_syscfg.c **** 
  23:./lib/src/at32f4xx_syscfg.c **** /** @defgroup SYSCFG_Private_Functions
  24:./lib/src/at32f4xx_syscfg.c ****   * @{
  25:./lib/src/at32f4xx_syscfg.c ****   */
  26:./lib/src/at32f4xx_syscfg.c **** 
  27:./lib/src/at32f4xx_syscfg.c **** /**
  28:./lib/src/at32f4xx_syscfg.c ****   * @brief  Deinitializes the SYSCFG registers to their default reset values.
  29:./lib/src/at32f4xx_syscfg.c ****   * @param  None
  30:./lib/src/at32f4xx_syscfg.c ****   * @retval None
ARM GAS  /tmp/ccygkWh8.s 			page 2


  31:./lib/src/at32f4xx_syscfg.c ****   * @note   MEM_MODE bits are not affected by APB reset.
  32:./lib/src/at32f4xx_syscfg.c ****   * @note   MEM_MODE bits took the value from the user option bytes.
  33:./lib/src/at32f4xx_syscfg.c ****   * @note   CFGR2 register is not affected by APB reset.
  34:./lib/src/at32f4xx_syscfg.c ****   * @note   CLABBB configuration bits are locked when set.
  35:./lib/src/at32f4xx_syscfg.c ****   * @note   To unlock the configuration, perform a system reset.
  36:./lib/src/at32f4xx_syscfg.c ****   */
  37:./lib/src/at32f4xx_syscfg.c **** void SYSCFG_DeInit(void)
  38:./lib/src/at32f4xx_syscfg.c **** {
  29              		.loc 1 38 1 view -0
  30              		.cfi_startproc
  31              		@ args = 0, pretend = 0, frame = 0
  32              		@ frame_needed = 0, uses_anonymous_args = 0
  33              		@ link register save eliminated.
  39:./lib/src/at32f4xx_syscfg.c ****   /* Set SYSCFG_CFGR1 register to reset value without affecting MEM_MODE bits */
  40:./lib/src/at32f4xx_syscfg.c ****   SYSCFG->CFGR1 &= SYSCFG_CFGR1_MEM_MODE;
  34              		.loc 1 40 3 view .LVU1
  35              		.loc 1 40 17 is_stmt 0 view .LVU2
  36 0000 054B     		ldr	r3, .L2
  37 0002 1A68     		ldr	r2, [r3]
  38 0004 02F00302 		and	r2, r2, #3
  39 0008 1A60     		str	r2, [r3]
  41:./lib/src/at32f4xx_syscfg.c ****   /* Set EXTICRx registers to reset value */
  42:./lib/src/at32f4xx_syscfg.c ****   SYSCFG->EXTICR[0] = 0;
  40              		.loc 1 42 3 is_stmt 1 view .LVU3
  41              		.loc 1 42 21 is_stmt 0 view .LVU4
  42 000a 0022     		movs	r2, #0
  43 000c 9A60     		str	r2, [r3, #8]
  43:./lib/src/at32f4xx_syscfg.c ****   SYSCFG->EXTICR[1] = 0;
  44              		.loc 1 43 3 is_stmt 1 view .LVU5
  45              		.loc 1 43 21 is_stmt 0 view .LVU6
  46 000e DA60     		str	r2, [r3, #12]
  44:./lib/src/at32f4xx_syscfg.c ****   SYSCFG->EXTICR[2] = 0;
  47              		.loc 1 44 3 is_stmt 1 view .LVU7
  48              		.loc 1 44 21 is_stmt 0 view .LVU8
  49 0010 1A61     		str	r2, [r3, #16]
  45:./lib/src/at32f4xx_syscfg.c ****   SYSCFG->EXTICR[3] = 0;
  50              		.loc 1 45 3 is_stmt 1 view .LVU9
  51              		.loc 1 45 21 is_stmt 0 view .LVU10
  52 0012 5A61     		str	r2, [r3, #20]
  46:./lib/src/at32f4xx_syscfg.c **** }
  53              		.loc 1 46 1 view .LVU11
  54 0014 7047     		bx	lr
  55              	.L3:
  56 0016 00BF     		.align	2
  57              	.L2:
  58 0018 00000140 		.word	1073807360
  59              		.cfi_endproc
  60              	.LFE123:
  62              		.section	.text.SYSCFG_MemoryRemapConfig,"ax",%progbits
  63              		.align	1
  64              		.global	SYSCFG_MemoryRemapConfig
  65              		.syntax unified
  66              		.thumb
  67              		.thumb_func
  68              		.fpu fpv4-sp-d16
  70              	SYSCFG_MemoryRemapConfig:
  71              	.LVL0:
ARM GAS  /tmp/ccygkWh8.s 			page 3


  72              	.LFB124:
  47:./lib/src/at32f4xx_syscfg.c **** 
  48:./lib/src/at32f4xx_syscfg.c **** /**
  49:./lib/src/at32f4xx_syscfg.c ****   * @brief  Configures the memory mapping at address 0x00000000.
  50:./lib/src/at32f4xx_syscfg.c ****   * @param  SYSCFG_MemoryRemap: selects the memory remapping.
  51:./lib/src/at32f4xx_syscfg.c ****   *          This parameter can be one of the following values:
  52:./lib/src/at32f4xx_syscfg.c ****   *            @arg SYSCFG_MemoryRemap_Flash: Main Flash memory mapped at 0x00000000  
  53:./lib/src/at32f4xx_syscfg.c ****   *            @arg SYSCFG_MemoryRemap_SystemMemory: System Flash memory mapped at 0x00000000
  54:./lib/src/at32f4xx_syscfg.c ****   *            @arg SYSCFG_MemoryRemap_SRAM: Embedded SRAM mapped at 0x00000000
  55:./lib/src/at32f4xx_syscfg.c ****   * @retval None
  56:./lib/src/at32f4xx_syscfg.c ****   */
  57:./lib/src/at32f4xx_syscfg.c **** void SYSCFG_MemoryRemapConfig(uint32_t SYSCFG_MemoryRemap)
  58:./lib/src/at32f4xx_syscfg.c **** {
  73              		.loc 1 58 1 is_stmt 1 view -0
  74              		.cfi_startproc
  75              		@ args = 0, pretend = 0, frame = 0
  76              		@ frame_needed = 0, uses_anonymous_args = 0
  77              		@ link register save eliminated.
  59:./lib/src/at32f4xx_syscfg.c ****   uint32_t tmpctrl = 0;
  78              		.loc 1 59 3 view .LVU13
  60:./lib/src/at32f4xx_syscfg.c **** 
  61:./lib/src/at32f4xx_syscfg.c ****   /* Check the parameter */
  62:./lib/src/at32f4xx_syscfg.c ****   assert_param(IS_SYSCFG_MEMORY_REMAP(SYSCFG_MemoryRemap));
  79              		.loc 1 62 3 view .LVU14
  63:./lib/src/at32f4xx_syscfg.c **** 
  64:./lib/src/at32f4xx_syscfg.c ****   /* Get CFGR1 register value */
  65:./lib/src/at32f4xx_syscfg.c ****   tmpctrl = SYSCFG->CFGR1;
  80              		.loc 1 65 3 view .LVU15
  81              		.loc 1 65 11 is_stmt 0 view .LVU16
  82 0000 034A     		ldr	r2, .L5
  83 0002 1368     		ldr	r3, [r2]
  84              	.LVL1:
  66:./lib/src/at32f4xx_syscfg.c **** 
  67:./lib/src/at32f4xx_syscfg.c ****   /* Clear MEM_MODE bits */
  68:./lib/src/at32f4xx_syscfg.c ****   tmpctrl &= (uint32_t) (~SYSCFG_CFGR1_MEM_MODE);
  85              		.loc 1 68 3 is_stmt 1 view .LVU17
  86              		.loc 1 68 11 is_stmt 0 view .LVU18
  87 0004 23F00303 		bic	r3, r3, #3
  88              	.LVL2:
  69:./lib/src/at32f4xx_syscfg.c **** 
  70:./lib/src/at32f4xx_syscfg.c ****   /* Set the new MEM_MODE bits value */
  71:./lib/src/at32f4xx_syscfg.c ****   tmpctrl |= (uint32_t) SYSCFG_MemoryRemap;
  89              		.loc 1 71 3 is_stmt 1 view .LVU19
  90              		.loc 1 71 11 is_stmt 0 view .LVU20
  91 0008 0343     		orrs	r3, r3, r0
  92              	.LVL3:
  72:./lib/src/at32f4xx_syscfg.c **** 
  73:./lib/src/at32f4xx_syscfg.c ****   /* Set CFGR1 register with the new memory remap configuration */
  74:./lib/src/at32f4xx_syscfg.c ****   SYSCFG->CFGR1 = tmpctrl;
  93              		.loc 1 74 3 is_stmt 1 view .LVU21
  94              		.loc 1 74 17 is_stmt 0 view .LVU22
  95 000a 1360     		str	r3, [r2]
  75:./lib/src/at32f4xx_syscfg.c **** }
  96              		.loc 1 75 1 view .LVU23
  97 000c 7047     		bx	lr
  98              	.L6:
  99 000e 00BF     		.align	2
ARM GAS  /tmp/ccygkWh8.s 			page 4


 100              	.L5:
 101 0010 00000140 		.word	1073807360
 102              		.cfi_endproc
 103              	.LFE124:
 105              		.section	.text.SYSCFG_DMAChannelRemapConfig,"ax",%progbits
 106              		.align	1
 107              		.global	SYSCFG_DMAChannelRemapConfig
 108              		.syntax unified
 109              		.thumb
 110              		.thumb_func
 111              		.fpu fpv4-sp-d16
 113              	SYSCFG_DMAChannelRemapConfig:
 114              	.LVL4:
 115              	.LFB125:
  76:./lib/src/at32f4xx_syscfg.c **** 
  77:./lib/src/at32f4xx_syscfg.c **** /**
  78:./lib/src/at32f4xx_syscfg.c ****   * @brief  Configure the DMA channels remapping.
  79:./lib/src/at32f4xx_syscfg.c ****   * @param  SYSCFG_DMARemap: selects the DMA channels remap.
  80:./lib/src/at32f4xx_syscfg.c ****   *          This parameter can be one of the following values:
  81:./lib/src/at32f4xx_syscfg.c ****   *            @arg SYSCFG_DMARemap_TIM17: Remap TIM17 DMA requests from channel1 to channel2
  82:./lib/src/at32f4xx_syscfg.c ****   *            @arg SYSCFG_DMARemap_TIM16: Remap TIM16 DMA requests from channel3 to channel4
  83:./lib/src/at32f4xx_syscfg.c ****   *            @arg SYSCFG_DMARemap_USART1Rx: Remap USART1 Rx DMA requests from channel3 to channel
  84:./lib/src/at32f4xx_syscfg.c ****   *            @arg SYSCFG_DMARemap_USART1Tx: Remap USART1 Tx DMA requests from channel2 to channel
  85:./lib/src/at32f4xx_syscfg.c ****   *            @arg SYSCFG_DMARemap_ADC1: Remap ADC1 DMA requests from channel1 to channel2
  86:./lib/src/at32f4xx_syscfg.c ****   * @param  NewState: new state of the DMA channel remapping. 
  87:./lib/src/at32f4xx_syscfg.c ****   *         This parameter can be: ENABLE or DISABLE.
  88:./lib/src/at32f4xx_syscfg.c ****   * @note   When enabled, DMA channel of the selected peripheral is remapped
  89:./lib/src/at32f4xx_syscfg.c ****   * @note   When disabled, Default DMA channel is mapped to the selected peripheral
  90:./lib/src/at32f4xx_syscfg.c ****   * @note   By default TIM17 DMA requests is mapped to channel 1, 
  91:./lib/src/at32f4xx_syscfg.c ****   *         use SYSCFG_DMAChannelRemapConfig(SYSCFG_DMARemap_TIM17, Enable) to remap
  92:./lib/src/at32f4xx_syscfg.c ****   *         TIM17 DMA requests to channel 2 and use
  93:./lib/src/at32f4xx_syscfg.c ****   *         SYSCFG_DMAChannelRemapConfig(SYSCFG_DMARemap_TIM17, Disable) to map
  94:./lib/src/at32f4xx_syscfg.c ****   *         TIM17 DMA requests to channel 1 (default mapping)
  95:./lib/src/at32f4xx_syscfg.c ****   * @retval None
  96:./lib/src/at32f4xx_syscfg.c ****   */
  97:./lib/src/at32f4xx_syscfg.c **** void SYSCFG_DMAChannelRemapConfig(uint32_t SYSCFG_DMARemap, FunctionalState NewState)
  98:./lib/src/at32f4xx_syscfg.c **** {
 116              		.loc 1 98 1 is_stmt 1 view -0
 117              		.cfi_startproc
 118              		@ args = 0, pretend = 0, frame = 0
 119              		@ frame_needed = 0, uses_anonymous_args = 0
 120              		@ link register save eliminated.
  99:./lib/src/at32f4xx_syscfg.c ****   /* Check the parameters */
 100:./lib/src/at32f4xx_syscfg.c ****   assert_param(IS_SYSCFG_DMA_REMAP(SYSCFG_DMARemap));
 121              		.loc 1 100 3 view .LVU25
 101:./lib/src/at32f4xx_syscfg.c ****   assert_param(IS_FUNCTIONAL_STATE(NewState));
 122              		.loc 1 101 3 view .LVU26
 102:./lib/src/at32f4xx_syscfg.c **** 
 103:./lib/src/at32f4xx_syscfg.c ****   if (NewState != DISABLE)
 123              		.loc 1 103 3 view .LVU27
 124              		.loc 1 103 6 is_stmt 0 view .LVU28
 125 0000 21B1     		cbz	r1, .L8
 104:./lib/src/at32f4xx_syscfg.c ****   {
 105:./lib/src/at32f4xx_syscfg.c ****     /* Remap the DMA channel */
 106:./lib/src/at32f4xx_syscfg.c ****     SYSCFG->CFGR1 |= (uint32_t)SYSCFG_DMARemap;
 126              		.loc 1 106 5 is_stmt 1 view .LVU29
 127              		.loc 1 106 19 is_stmt 0 view .LVU30
ARM GAS  /tmp/ccygkWh8.s 			page 5


 128 0002 054A     		ldr	r2, .L10
 129 0004 1368     		ldr	r3, [r2]
 130 0006 1843     		orrs	r0, r0, r3
 131              	.LVL5:
 132              		.loc 1 106 19 view .LVU31
 133 0008 1060     		str	r0, [r2]
 134 000a 7047     		bx	lr
 135              	.LVL6:
 136              	.L8:
 107:./lib/src/at32f4xx_syscfg.c ****   }
 108:./lib/src/at32f4xx_syscfg.c ****   else
 109:./lib/src/at32f4xx_syscfg.c ****   {
 110:./lib/src/at32f4xx_syscfg.c ****     /* use the default DMA channel mapping */
 111:./lib/src/at32f4xx_syscfg.c ****     SYSCFG->CFGR1 &= (uint32_t)(~SYSCFG_DMARemap);
 137              		.loc 1 111 5 is_stmt 1 view .LVU32
 138              		.loc 1 111 19 is_stmt 0 view .LVU33
 139 000c 024A     		ldr	r2, .L10
 140 000e 1368     		ldr	r3, [r2]
 141 0010 23EA0000 		bic	r0, r3, r0
 142              	.LVL7:
 143              		.loc 1 111 19 view .LVU34
 144 0014 1060     		str	r0, [r2]
 112:./lib/src/at32f4xx_syscfg.c ****   }
 113:./lib/src/at32f4xx_syscfg.c **** }
 145              		.loc 1 113 1 view .LVU35
 146 0016 7047     		bx	lr
 147              	.L11:
 148              		.align	2
 149              	.L10:
 150 0018 00000140 		.word	1073807360
 151              		.cfi_endproc
 152              	.LFE125:
 154              		.section	.text.SYSCFG_EXTILineConfig,"ax",%progbits
 155              		.align	1
 156              		.global	SYSCFG_EXTILineConfig
 157              		.syntax unified
 158              		.thumb
 159              		.thumb_func
 160              		.fpu fpv4-sp-d16
 162              	SYSCFG_EXTILineConfig:
 163              	.LVL8:
 164              	.LFB126:
 114:./lib/src/at32f4xx_syscfg.c **** 
 115:./lib/src/at32f4xx_syscfg.c **** /**
 116:./lib/src/at32f4xx_syscfg.c ****   * @brief  Selects the GPIO pin used as EXTI Line.
 117:./lib/src/at32f4xx_syscfg.c ****   * @param  EXTI_PortSourceGPIOx: selects the GPIO port to be used as source 
 118:./lib/src/at32f4xx_syscfg.c ****   *                               for EXTI lines where x can be (A, B, C, D or F).
 119:./lib/src/at32f4xx_syscfg.c ****   * @param  EXTI_PinSourcex: specifies the EXTI line to be configured.
 120:./lib/src/at32f4xx_syscfg.c ****   *         This parameter can be EXTI_PinSourcex where x can be (0..15)
 121:./lib/src/at32f4xx_syscfg.c ****   * @retval None
 122:./lib/src/at32f4xx_syscfg.c ****   */
 123:./lib/src/at32f4xx_syscfg.c **** void SYSCFG_EXTILineConfig(uint8_t EXTI_PortSourceGPIOx, uint8_t EXTI_PinSourcex)
 124:./lib/src/at32f4xx_syscfg.c **** {
 165              		.loc 1 124 1 is_stmt 1 view -0
 166              		.cfi_startproc
 167              		@ args = 0, pretend = 0, frame = 0
 168              		@ frame_needed = 0, uses_anonymous_args = 0
ARM GAS  /tmp/ccygkWh8.s 			page 6


 169              		@ link register save eliminated.
 170              		.loc 1 124 1 is_stmt 0 view .LVU37
 171 0000 10B4     		push	{r4}
 172              	.LCFI0:
 173              		.cfi_def_cfa_offset 4
 174              		.cfi_offset 4, -4
 125:./lib/src/at32f4xx_syscfg.c ****   uint32_t tmp = 0x00;
 175              		.loc 1 125 3 is_stmt 1 view .LVU38
 176              	.LVL9:
 126:./lib/src/at32f4xx_syscfg.c **** 
 127:./lib/src/at32f4xx_syscfg.c ****   /* Check the parameters */
 128:./lib/src/at32f4xx_syscfg.c ****   assert_param(IS_EXTI_PORT_SOURCE(EXTI_PortSourceGPIOx));
 177              		.loc 1 128 3 view .LVU39
 129:./lib/src/at32f4xx_syscfg.c ****   assert_param(IS_EXTI_PIN_SOURCE(EXTI_PinSourcex));
 178              		.loc 1 129 3 view .LVU40
 130:./lib/src/at32f4xx_syscfg.c ****   
 131:./lib/src/at32f4xx_syscfg.c ****   tmp = ((uint32_t)0x0F) << (0x04 * (EXTI_PinSourcex & (uint8_t)0x03));
 179              		.loc 1 131 3 view .LVU41
 180              		.loc 1 131 54 is_stmt 0 view .LVU42
 181 0002 01F00302 		and	r2, r1, #3
 182              		.loc 1 131 35 view .LVU43
 183 0006 9200     		lsls	r2, r2, #2
 184              		.loc 1 131 7 view .LVU44
 185 0008 0F24     		movs	r4, #15
 186 000a 04FA02FC 		lsl	ip, r4, r2
 187              	.LVL10:
 132:./lib/src/at32f4xx_syscfg.c ****   SYSCFG->EXTICR[EXTI_PinSourcex >> 0x02] &= ~tmp;
 188              		.loc 1 132 3 is_stmt 1 view .LVU45
 189              		.loc 1 132 43 is_stmt 0 view .LVU46
 190 000e 8908     		lsrs	r1, r1, #2
 191              	.LVL11:
 192              		.loc 1 132 43 view .LVU47
 193 0010 084B     		ldr	r3, .L14
 194 0012 0231     		adds	r1, r1, #2
 195 0014 53F82140 		ldr	r4, [r3, r1, lsl #2]
 196 0018 24EA0C04 		bic	r4, r4, ip
 197 001c 43F82140 		str	r4, [r3, r1, lsl #2]
 133:./lib/src/at32f4xx_syscfg.c ****   SYSCFG->EXTICR[EXTI_PinSourcex >> 0x02] |= (((uint32_t)EXTI_PortSourceGPIOx) << (0x04 * (EXTI_Pin
 198              		.loc 1 133 3 is_stmt 1 view .LVU48
 199              		.loc 1 133 43 is_stmt 0 view .LVU49
 200 0020 53F82140 		ldr	r4, [r3, r1, lsl #2]
 201              		.loc 1 133 80 view .LVU50
 202 0024 9040     		lsls	r0, r0, r2
 203              	.LVL12:
 204              		.loc 1 133 43 view .LVU51
 205 0026 0443     		orrs	r4, r4, r0
 206 0028 43F82140 		str	r4, [r3, r1, lsl #2]
 134:./lib/src/at32f4xx_syscfg.c **** }
 207              		.loc 1 134 1 view .LVU52
 208 002c 5DF8044B 		ldr	r4, [sp], #4
 209              	.LCFI1:
 210              		.cfi_restore 4
 211              		.cfi_def_cfa_offset 0
 212 0030 7047     		bx	lr
 213              	.L15:
 214 0032 00BF     		.align	2
 215              	.L14:
ARM GAS  /tmp/ccygkWh8.s 			page 7


 216 0034 00000140 		.word	1073807360
 217              		.cfi_endproc
 218              	.LFE126:
 220              		.section	.text.SYSCFG_IRTMRConfig,"ax",%progbits
 221              		.align	1
 222              		.global	SYSCFG_IRTMRConfig
 223              		.syntax unified
 224              		.thumb
 225              		.thumb_func
 226              		.fpu fpv4-sp-d16
 228              	SYSCFG_IRTMRConfig:
 229              	.LVL13:
 230              	.LFB127:
 135:./lib/src/at32f4xx_syscfg.c **** 
 136:./lib/src/at32f4xx_syscfg.c **** /**
 137:./lib/src/at32f4xx_syscfg.c ****   * @brief  Selects the IRTMR_Mode for IRTMR.
 138:./lib/src/at32f4xx_syscfg.c ****   * @param  IRTMR_Mode: The mode for IRTMR.
 139:./lib/src/at32f4xx_syscfg.c ****   * @param  IR_Pol    : The polarity for IRTMR output.
 140:./lib/src/at32f4xx_syscfg.c ****   * @retval None
 141:./lib/src/at32f4xx_syscfg.c ****   */
 142:./lib/src/at32f4xx_syscfg.c **** void SYSCFG_IRTMRConfig(uint32_t IRTMR_Mode,uint32_t IR_Pol)
 143:./lib/src/at32f4xx_syscfg.c **** {
 231              		.loc 1 143 1 is_stmt 1 view -0
 232              		.cfi_startproc
 233              		@ args = 0, pretend = 0, frame = 0
 234              		@ frame_needed = 0, uses_anonymous_args = 0
 235              		@ link register save eliminated.
 144:./lib/src/at32f4xx_syscfg.c ****   /* Check the parameters */
 145:./lib/src/at32f4xx_syscfg.c ****   assert_param(IS_SYSCFG_IRTMR_MODE(IRTMR_Mode));
 236              		.loc 1 145 3 view .LVU54
 146:./lib/src/at32f4xx_syscfg.c ****   assert_param(IS_SYSCFG_IRTMR_POL(IR_Pol));
 237              		.loc 1 146 3 view .LVU55
 147:./lib/src/at32f4xx_syscfg.c ****   
 148:./lib/src/at32f4xx_syscfg.c ****   SYSCFG->CFGR1 |= (uint32_t)((uint32_t)IRTMR_Mode | (uint32_t)IR_Pol);
 238              		.loc 1 148 3 view .LVU56
 239              		.loc 1 148 17 is_stmt 0 view .LVU57
 240 0000 024A     		ldr	r2, .L17
 241 0002 1368     		ldr	r3, [r2]
 242              		.loc 1 148 20 view .LVU58
 243 0004 0843     		orrs	r0, r0, r1
 244              	.LVL14:
 245              		.loc 1 148 17 view .LVU59
 246 0006 0343     		orrs	r3, r3, r0
 247 0008 1360     		str	r3, [r2]
 149:./lib/src/at32f4xx_syscfg.c **** }
 248              		.loc 1 149 1 view .LVU60
 249 000a 7047     		bx	lr
 250              	.L18:
 251              		.align	2
 252              	.L17:
 253 000c 00000140 		.word	1073807360
 254              		.cfi_endproc
 255              	.LFE127:
 257              		.text
 258              	.Letext0:
 259              		.file 2 "/usr/lib/gcc/arm-none-eabi/10.3.1/include/stdint.h"
 260              		.file 3 "CMSIS/at32f4xx.h"
ARM GAS  /tmp/ccygkWh8.s 			page 8


ARM GAS  /tmp/ccygkWh8.s 			page 9


DEFINED SYMBOLS
                            *ABS*:0000000000000000 at32f4xx_syscfg.c
     /tmp/ccygkWh8.s:18     .text.SYSCFG_DeInit:0000000000000000 $t
     /tmp/ccygkWh8.s:26     .text.SYSCFG_DeInit:0000000000000000 SYSCFG_DeInit
     /tmp/ccygkWh8.s:58     .text.SYSCFG_DeInit:0000000000000018 $d
     /tmp/ccygkWh8.s:63     .text.SYSCFG_MemoryRemapConfig:0000000000000000 $t
     /tmp/ccygkWh8.s:70     .text.SYSCFG_MemoryRemapConfig:0000000000000000 SYSCFG_MemoryRemapConfig
     /tmp/ccygkWh8.s:101    .text.SYSCFG_MemoryRemapConfig:0000000000000010 $d
     /tmp/ccygkWh8.s:106    .text.SYSCFG_DMAChannelRemapConfig:0000000000000000 $t
     /tmp/ccygkWh8.s:113    .text.SYSCFG_DMAChannelRemapConfig:0000000000000000 SYSCFG_DMAChannelRemapConfig
     /tmp/ccygkWh8.s:150    .text.SYSCFG_DMAChannelRemapConfig:0000000000000018 $d
     /tmp/ccygkWh8.s:155    .text.SYSCFG_EXTILineConfig:0000000000000000 $t
     /tmp/ccygkWh8.s:162    .text.SYSCFG_EXTILineConfig:0000000000000000 SYSCFG_EXTILineConfig
     /tmp/ccygkWh8.s:216    .text.SYSCFG_EXTILineConfig:0000000000000034 $d
     /tmp/ccygkWh8.s:221    .text.SYSCFG_IRTMRConfig:0000000000000000 $t
     /tmp/ccygkWh8.s:228    .text.SYSCFG_IRTMRConfig:0000000000000000 SYSCFG_IRTMRConfig
     /tmp/ccygkWh8.s:253    .text.SYSCFG_IRTMRConfig:000000000000000c $d

NO UNDEFINED SYMBOLS
