ARM GAS  /tmp/ccJMMMZC.s 			page 1


   1              		.cpu cortex-m4
   2              		.eabi_attribute 27, 1
   3              		.eabi_attribute 28, 1
   4              		.eabi_attribute 20, 1
   5              		.eabi_attribute 21, 1
   6              		.eabi_attribute 23, 3
   7              		.eabi_attribute 24, 1
   8              		.eabi_attribute 25, 1
   9              		.eabi_attribute 26, 1
  10              		.eabi_attribute 30, 1
  11              		.eabi_attribute 34, 1
  12              		.eabi_attribute 18, 4
  13              		.file	"at32f4xx_dbgmcu.c"
  14              		.text
  15              	.Ltext0:
  16              		.cfi_sections	.debug_frame
  17              		.section	.text.MCUDBG_GetRevID,"ax",%progbits
  18              		.align	1
  19              		.global	MCUDBG_GetRevID
  20              		.arch armv7e-m
  21              		.syntax unified
  22              		.thumb
  23              		.thumb_func
  24              		.fpu fpv4-sp-d16
  26              	MCUDBG_GetRevID:
  27              	.LFB123:
  28              		.file 1 "./lib/src/at32f4xx_dbgmcu.c"
   1:./lib/src/at32f4xx_dbgmcu.c **** /**
   2:./lib/src/at32f4xx_dbgmcu.c ****   **************************************************************************
   3:./lib/src/at32f4xx_dbgmcu.c ****   * File   : at32f4xx_dbgmcu.c
   4:./lib/src/at32f4xx_dbgmcu.c ****   * Version: V1.2.4
   5:./lib/src/at32f4xx_dbgmcu.c ****   * Date   : 2020-08-26
   6:./lib/src/at32f4xx_dbgmcu.c ****   * Brief  : at32f4xx MCUDBG source file
   7:./lib/src/at32f4xx_dbgmcu.c ****   **************************************************************************
   8:./lib/src/at32f4xx_dbgmcu.c ****   */
   9:./lib/src/at32f4xx_dbgmcu.c **** 
  10:./lib/src/at32f4xx_dbgmcu.c **** 
  11:./lib/src/at32f4xx_dbgmcu.c **** /* Includes ------------------------------------------------------------------*/
  12:./lib/src/at32f4xx_dbgmcu.c **** #include "at32f4xx_dbgmcu.h"
  13:./lib/src/at32f4xx_dbgmcu.c **** 
  14:./lib/src/at32f4xx_dbgmcu.c **** /** @addtogroup at32f4xx_StdPeriph_Driver
  15:./lib/src/at32f4xx_dbgmcu.c ****   * @{
  16:./lib/src/at32f4xx_dbgmcu.c ****   */
  17:./lib/src/at32f4xx_dbgmcu.c **** 
  18:./lib/src/at32f4xx_dbgmcu.c **** /** @defgroup MCUDBG
  19:./lib/src/at32f4xx_dbgmcu.c ****   * @brief MCUDBG driver modules
  20:./lib/src/at32f4xx_dbgmcu.c ****   * @{
  21:./lib/src/at32f4xx_dbgmcu.c ****   */
  22:./lib/src/at32f4xx_dbgmcu.c **** 
  23:./lib/src/at32f4xx_dbgmcu.c **** /** @defgroup MCUDBG_Private_TypesDefinitions
  24:./lib/src/at32f4xx_dbgmcu.c ****   * @{
  25:./lib/src/at32f4xx_dbgmcu.c ****   */
  26:./lib/src/at32f4xx_dbgmcu.c **** 
  27:./lib/src/at32f4xx_dbgmcu.c **** /**
  28:./lib/src/at32f4xx_dbgmcu.c ****   * @}
  29:./lib/src/at32f4xx_dbgmcu.c ****   */
  30:./lib/src/at32f4xx_dbgmcu.c **** 
ARM GAS  /tmp/ccJMMMZC.s 			page 2


  31:./lib/src/at32f4xx_dbgmcu.c **** /** @defgroup MCUDBG_Private_Defines
  32:./lib/src/at32f4xx_dbgmcu.c ****   * @{
  33:./lib/src/at32f4xx_dbgmcu.c ****   */
  34:./lib/src/at32f4xx_dbgmcu.c **** 
  35:./lib/src/at32f4xx_dbgmcu.c **** #define IDCODE_DEVID_MASK           ((uint32_t)0x00000FFF)
  36:./lib/src/at32f4xx_dbgmcu.c **** /**
  37:./lib/src/at32f4xx_dbgmcu.c ****   * @}
  38:./lib/src/at32f4xx_dbgmcu.c ****   */
  39:./lib/src/at32f4xx_dbgmcu.c **** 
  40:./lib/src/at32f4xx_dbgmcu.c **** /** @defgroup MCUDBG_Private_Macros
  41:./lib/src/at32f4xx_dbgmcu.c ****   * @{
  42:./lib/src/at32f4xx_dbgmcu.c ****   */
  43:./lib/src/at32f4xx_dbgmcu.c **** 
  44:./lib/src/at32f4xx_dbgmcu.c **** /**
  45:./lib/src/at32f4xx_dbgmcu.c ****   * @}
  46:./lib/src/at32f4xx_dbgmcu.c ****   */
  47:./lib/src/at32f4xx_dbgmcu.c **** 
  48:./lib/src/at32f4xx_dbgmcu.c **** /** @defgroup MCUDBG_Private_Variables
  49:./lib/src/at32f4xx_dbgmcu.c ****   * @{
  50:./lib/src/at32f4xx_dbgmcu.c ****   */
  51:./lib/src/at32f4xx_dbgmcu.c **** 
  52:./lib/src/at32f4xx_dbgmcu.c **** /**
  53:./lib/src/at32f4xx_dbgmcu.c ****   * @}
  54:./lib/src/at32f4xx_dbgmcu.c ****   */
  55:./lib/src/at32f4xx_dbgmcu.c **** 
  56:./lib/src/at32f4xx_dbgmcu.c **** /** @defgroup MCUDBG_Private_FunctionPrototypes
  57:./lib/src/at32f4xx_dbgmcu.c ****   * @{
  58:./lib/src/at32f4xx_dbgmcu.c ****   */
  59:./lib/src/at32f4xx_dbgmcu.c **** 
  60:./lib/src/at32f4xx_dbgmcu.c **** /**
  61:./lib/src/at32f4xx_dbgmcu.c ****   * @}
  62:./lib/src/at32f4xx_dbgmcu.c ****   */
  63:./lib/src/at32f4xx_dbgmcu.c **** 
  64:./lib/src/at32f4xx_dbgmcu.c **** /** @defgroup MCUDBG_Private_Functions
  65:./lib/src/at32f4xx_dbgmcu.c ****   * @{
  66:./lib/src/at32f4xx_dbgmcu.c ****   */
  67:./lib/src/at32f4xx_dbgmcu.c **** 
  68:./lib/src/at32f4xx_dbgmcu.c **** /**
  69:./lib/src/at32f4xx_dbgmcu.c ****   * @brief  Returns the device revision identifier.
  70:./lib/src/at32f4xx_dbgmcu.c ****   * @param  None
  71:./lib/src/at32f4xx_dbgmcu.c ****   * @retval Device revision identifier
  72:./lib/src/at32f4xx_dbgmcu.c ****   */
  73:./lib/src/at32f4xx_dbgmcu.c **** uint32_t MCUDBG_GetRevID(void)
  74:./lib/src/at32f4xx_dbgmcu.c **** {
  29              		.loc 1 74 1 view -0
  30              		.cfi_startproc
  31              		@ args = 0, pretend = 0, frame = 0
  32              		@ frame_needed = 0, uses_anonymous_args = 0
  33              		@ link register save eliminated.
  75:./lib/src/at32f4xx_dbgmcu.c ****   return(MCUDBG->IDCR >> 16);
  34              		.loc 1 75 3 view .LVU1
  35              		.loc 1 75 16 is_stmt 0 view .LVU2
  36 0000 014B     		ldr	r3, .L2
  37 0002 1868     		ldr	r0, [r3]
  76:./lib/src/at32f4xx_dbgmcu.c **** }
  38              		.loc 1 76 1 view .LVU3
  39 0004 000C     		lsrs	r0, r0, #16
ARM GAS  /tmp/ccJMMMZC.s 			page 3


  40 0006 7047     		bx	lr
  41              	.L3:
  42              		.align	2
  43              	.L2:
  44 0008 002004E0 		.word	-536600576
  45              		.cfi_endproc
  46              	.LFE123:
  48              		.section	.text.MCUDBG_GetDevID,"ax",%progbits
  49              		.align	1
  50              		.global	MCUDBG_GetDevID
  51              		.syntax unified
  52              		.thumb
  53              		.thumb_func
  54              		.fpu fpv4-sp-d16
  56              	MCUDBG_GetDevID:
  57              	.LFB124:
  77:./lib/src/at32f4xx_dbgmcu.c **** 
  78:./lib/src/at32f4xx_dbgmcu.c **** /**
  79:./lib/src/at32f4xx_dbgmcu.c ****   * @brief  Returns the device identifier.
  80:./lib/src/at32f4xx_dbgmcu.c ****   * @param  None
  81:./lib/src/at32f4xx_dbgmcu.c ****   * @retval Device identifier
  82:./lib/src/at32f4xx_dbgmcu.c ****   */
  83:./lib/src/at32f4xx_dbgmcu.c **** uint32_t MCUDBG_GetDevID(void)
  84:./lib/src/at32f4xx_dbgmcu.c **** {
  58              		.loc 1 84 1 is_stmt 1 view -0
  59              		.cfi_startproc
  60              		@ args = 0, pretend = 0, frame = 0
  61              		@ frame_needed = 0, uses_anonymous_args = 0
  62              		@ link register save eliminated.
  85:./lib/src/at32f4xx_dbgmcu.c ****   return(MCUDBG->IDCR & IDCODE_DEVID_MASK);
  63              		.loc 1 85 3 view .LVU5
  64              		.loc 1 85 16 is_stmt 0 view .LVU6
  65 0000 024B     		ldr	r3, .L5
  66 0002 1868     		ldr	r0, [r3]
  86:./lib/src/at32f4xx_dbgmcu.c **** }
  67              		.loc 1 86 1 view .LVU7
  68 0004 C0F30B00 		ubfx	r0, r0, #0, #12
  69 0008 7047     		bx	lr
  70              	.L6:
  71 000a 00BF     		.align	2
  72              	.L5:
  73 000c 002004E0 		.word	-536600576
  74              		.cfi_endproc
  75              	.LFE124:
  77              		.section	.text.MCUDBG_PeriphDebugModeConfig,"ax",%progbits
  78              		.align	1
  79              		.global	MCUDBG_PeriphDebugModeConfig
  80              		.syntax unified
  81              		.thumb
  82              		.thumb_func
  83              		.fpu fpv4-sp-d16
  85              	MCUDBG_PeriphDebugModeConfig:
  86              	.LVL0:
  87              	.LFB125:
  87:./lib/src/at32f4xx_dbgmcu.c **** 
  88:./lib/src/at32f4xx_dbgmcu.c **** /**
  89:./lib/src/at32f4xx_dbgmcu.c ****   * @brief  Configures the specified peripheral and low power mode behavior
ARM GAS  /tmp/ccJMMMZC.s 			page 4


  90:./lib/src/at32f4xx_dbgmcu.c ****   *   when the MCU under Debug mode.
  91:./lib/src/at32f4xx_dbgmcu.c ****   * @param  MCUDBG_Periph: specifies the peripheral and low power mode.
  92:./lib/src/at32f4xx_dbgmcu.c ****   *   This parameter can be any combination of the following values:
  93:./lib/src/at32f4xx_dbgmcu.c ****   *     @arg MCUDBG_SLEEP: Keep debugger connection during SLEEP mode
  94:./lib/src/at32f4xx_dbgmcu.c ****   *     @arg MCUDBG_STOP: Keep debugger connection during STOP mode
  95:./lib/src/at32f4xx_dbgmcu.c ****   *     @arg MCUDBG_STANDBY: Keep debugger connection during STANDBY mode
  96:./lib/src/at32f4xx_dbgmcu.c ****   *     @arg MCUDBG_IWDG_STOP: Debug IWDG stopped when Core is halted
  97:./lib/src/at32f4xx_dbgmcu.c ****   *     @arg MCUDBG_WWDG_STOP: Debug WWDG stopped when Core is halted
  98:./lib/src/at32f4xx_dbgmcu.c ****   *     @arg MCUDBG_TMR1_STOP: TMR1 counter stopped when Core is halted
  99:./lib/src/at32f4xx_dbgmcu.c ****   *     @arg MCUDBG_TMR2_STOP: TMR2 counter stopped when Core is halted
 100:./lib/src/at32f4xx_dbgmcu.c ****   *     @arg MCUDBG_TMR3_STOP: TMR3 counter stopped when Core is halted
 101:./lib/src/at32f4xx_dbgmcu.c ****   *     @arg MCUDBG_TMR4_STOP: TMR4 counter stopped when Core is halted
 102:./lib/src/at32f4xx_dbgmcu.c ****   *     @arg MCUDBG_CAN1_STOP: Debug CAN1 stopped when Core is halted
 103:./lib/src/at32f4xx_dbgmcu.c ****   *     @arg MCUDBG_I2C1_SMBUS_TIMEOUT: I2C1 SMBUS timeout mode stopped when Core is halted
 104:./lib/src/at32f4xx_dbgmcu.c ****   *     @arg MCUDBG_I2C2_SMBUS_TIMEOUT: I2C2 SMBUS timeout mode stopped when Core is halted
 105:./lib/src/at32f4xx_dbgmcu.c ****   *     @arg MCUDBG_I2C3_SMBUS_TIMEOUT: I2C3 SMBUS timeout mode stopped when Core is halted
 106:./lib/src/at32f4xx_dbgmcu.c ****   *     @arg MCUDBG_TMR5_STOP: TMR5 counter stopped when Core is halted
 107:./lib/src/at32f4xx_dbgmcu.c ****   *     @arg MCUDBG_TMR6_STOP: TMR6 counter stopped when Core is halted
 108:./lib/src/at32f4xx_dbgmcu.c ****   *     @arg MCUDBG_TMR7_STOP: TMR7 counter stopped when Core is halted
 109:./lib/src/at32f4xx_dbgmcu.c ****   *     @arg MCUDBG_TMR8_STOP: TMR8 counter stopped when Core is halted
 110:./lib/src/at32f4xx_dbgmcu.c ****   *     @arg MCUDBG_TMR15_STOP: TMR15 counter stopped when Core is halted
 111:./lib/src/at32f4xx_dbgmcu.c ****   *     @arg MCUDBG_TMR9_STOP: TMR9 counter stopped when Core is halted
 112:./lib/src/at32f4xx_dbgmcu.c ****   *     @arg MCUDBG_TMR10_STOP: TMR10 counter stopped when Core is halted
 113:./lib/src/at32f4xx_dbgmcu.c ****   *     @arg MCUDBG_TMR11_STOP: TMR11 counter stopped when Core is halted
 114:./lib/src/at32f4xx_dbgmcu.c ****   *     @arg MCUDBG_TMR12_STOP: TMR12 counter stopped when Core is halted
 115:./lib/src/at32f4xx_dbgmcu.c ****   *     @arg MCUDBG_TMR13_STOP: TMR13 counter stopped when Core is halted
 116:./lib/src/at32f4xx_dbgmcu.c ****   *     @arg MCUDBG_TMR14_STOP: TMR14 counter stopped when Core is halted
 117:./lib/src/at32f4xx_dbgmcu.c ****   * @param  NewState: new state of the specified peripheral in Debug mode.
 118:./lib/src/at32f4xx_dbgmcu.c ****   *   This parameter can be: ENABLE or DISABLE.
 119:./lib/src/at32f4xx_dbgmcu.c ****   * @retval None
 120:./lib/src/at32f4xx_dbgmcu.c ****   */
 121:./lib/src/at32f4xx_dbgmcu.c **** void MCUDBG_PeriphDebugModeConfig(uint32_t MCUDBG_Periph, FunctionalState NewState)
 122:./lib/src/at32f4xx_dbgmcu.c **** {
  88              		.loc 1 122 1 is_stmt 1 view -0
  89              		.cfi_startproc
  90              		@ args = 0, pretend = 0, frame = 0
  91              		@ frame_needed = 0, uses_anonymous_args = 0
  92              		@ link register save eliminated.
 123:./lib/src/at32f4xx_dbgmcu.c ****   /* Check the parameters */
 124:./lib/src/at32f4xx_dbgmcu.c ****   assert_param(IS_MCUDBG_PERIPH(MCUDBG_Periph));
  93              		.loc 1 124 3 view .LVU9
 125:./lib/src/at32f4xx_dbgmcu.c ****   assert_param(IS_FUNCTIONAL_STATE(NewState));
  94              		.loc 1 125 3 view .LVU10
 126:./lib/src/at32f4xx_dbgmcu.c **** 
 127:./lib/src/at32f4xx_dbgmcu.c ****   if (NewState != DISABLE)
  95              		.loc 1 127 3 view .LVU11
  96              		.loc 1 127 6 is_stmt 0 view .LVU12
  97 0000 21B1     		cbz	r1, .L8
 128:./lib/src/at32f4xx_dbgmcu.c ****   {
 129:./lib/src/at32f4xx_dbgmcu.c ****     MCUDBG->CTRL |= MCUDBG_Periph;
  98              		.loc 1 129 5 is_stmt 1 view .LVU13
  99              		.loc 1 129 18 is_stmt 0 view .LVU14
 100 0002 054A     		ldr	r2, .L10
 101 0004 5368     		ldr	r3, [r2, #4]
 102 0006 1843     		orrs	r0, r0, r3
 103              	.LVL1:
 104              		.loc 1 129 18 view .LVU15
ARM GAS  /tmp/ccJMMMZC.s 			page 5


 105 0008 5060     		str	r0, [r2, #4]
 106 000a 7047     		bx	lr
 107              	.LVL2:
 108              	.L8:
 130:./lib/src/at32f4xx_dbgmcu.c ****   }
 131:./lib/src/at32f4xx_dbgmcu.c ****   else
 132:./lib/src/at32f4xx_dbgmcu.c ****   {
 133:./lib/src/at32f4xx_dbgmcu.c ****     MCUDBG->CTRL &= ~MCUDBG_Periph;
 109              		.loc 1 133 5 is_stmt 1 view .LVU16
 110              		.loc 1 133 18 is_stmt 0 view .LVU17
 111 000c 024A     		ldr	r2, .L10
 112 000e 5368     		ldr	r3, [r2, #4]
 113 0010 23EA0000 		bic	r0, r3, r0
 114              	.LVL3:
 115              		.loc 1 133 18 view .LVU18
 116 0014 5060     		str	r0, [r2, #4]
 134:./lib/src/at32f4xx_dbgmcu.c ****   }
 135:./lib/src/at32f4xx_dbgmcu.c **** }
 117              		.loc 1 135 1 view .LVU19
 118 0016 7047     		bx	lr
 119              	.L11:
 120              		.align	2
 121              	.L10:
 122 0018 002004E0 		.word	-536600576
 123              		.cfi_endproc
 124              	.LFE125:
 126              		.text
 127              	.Letext0:
 128              		.file 2 "/usr/lib/gcc/arm-none-eabi/10.3.1/include/stdint.h"
 129              		.file 3 "CMSIS/at32f4xx.h"
ARM GAS  /tmp/ccJMMMZC.s 			page 6


DEFINED SYMBOLS
                            *ABS*:0000000000000000 at32f4xx_dbgmcu.c
     /tmp/ccJMMMZC.s:18     .text.MCUDBG_GetRevID:0000000000000000 $t
     /tmp/ccJMMMZC.s:26     .text.MCUDBG_GetRevID:0000000000000000 MCUDBG_GetRevID
     /tmp/ccJMMMZC.s:44     .text.MCUDBG_GetRevID:0000000000000008 $d
     /tmp/ccJMMMZC.s:49     .text.MCUDBG_GetDevID:0000000000000000 $t
     /tmp/ccJMMMZC.s:56     .text.MCUDBG_GetDevID:0000000000000000 MCUDBG_GetDevID
     /tmp/ccJMMMZC.s:73     .text.MCUDBG_GetDevID:000000000000000c $d
     /tmp/ccJMMMZC.s:78     .text.MCUDBG_PeriphDebugModeConfig:0000000000000000 $t
     /tmp/ccJMMMZC.s:85     .text.MCUDBG_PeriphDebugModeConfig:0000000000000000 MCUDBG_PeriphDebugModeConfig
     /tmp/ccJMMMZC.s:122    .text.MCUDBG_PeriphDebugModeConfig:0000000000000018 $d

NO UNDEFINED SYMBOLS
