ARM GAS  /tmp/ccZNIL0B.s 			page 1


   1              		.cpu cortex-m4
   2              		.eabi_attribute 27, 1
   3              		.eabi_attribute 28, 1
   4              		.eabi_attribute 20, 1
   5              		.eabi_attribute 21, 1
   6              		.eabi_attribute 23, 3
   7              		.eabi_attribute 24, 1
   8              		.eabi_attribute 25, 1
   9              		.eabi_attribute 26, 1
  10              		.eabi_attribute 30, 1
  11              		.eabi_attribute 34, 1
  12              		.eabi_attribute 18, 4
  13              		.file	"common.c"
  14              		.text
  15              	.Ltext0:
  16              		.cfi_sections	.debug_frame
  17              		.section	.text.int_range,"ax",%progbits
  18              		.align	1
  19              		.global	int_range
  20              		.arch armv7e-m
  21              		.syntax unified
  22              		.thumb
  23              		.thumb_func
  24              		.fpu fpv4-sp-d16
  26              	int_range:
  27              	.LVL0:
  28              	.LFB123:
  29              		.file 1 "./common/common.c"
   1:./common/common.c **** #include "common.h"
   2:./common/common.c **** 
   3:./common/common.c **** 
   4:./common/common.c **** int int_range(int value, int min, int max)
   5:./common/common.c **** {
  30              		.loc 1 5 1 view -0
  31              		.cfi_startproc
  32              		@ args = 0, pretend = 0, frame = 0
  33              		@ frame_needed = 0, uses_anonymous_args = 0
  34              		@ link register save eliminated.
   6:./common/common.c **** 	if(value < min)
  35              		.loc 1 6 2 view .LVU1
  36              		.loc 1 6 4 is_stmt 0 view .LVU2
  37 0000 8842     		cmp	r0, r1
  38 0002 03DB     		blt	.L3
   7:./common/common.c **** 	{
   8:./common/common.c **** 		return min;
   9:./common/common.c **** 	}
  10:./common/common.c **** 	else if(value > max)
  39              		.loc 1 10 7 is_stmt 1 view .LVU3
  40              		.loc 1 10 9 is_stmt 0 view .LVU4
  41 0004 9042     		cmp	r0, r2
  42 0006 02DD     		ble	.L1
  11:./common/common.c **** 	{
  12:./common/common.c **** 		return max;
  43              		.loc 1 12 10 view .LVU5
  44 0008 1046     		mov	r0, r2
  45              	.LVL1:
  46              		.loc 1 12 10 view .LVU6
ARM GAS  /tmp/ccZNIL0B.s 			page 2


  47 000a 7047     		bx	lr
  48              	.LVL2:
  49              	.L3:
   8:./common/common.c **** 	}
  50              		.loc 1 8 10 view .LVU7
  51 000c 0846     		mov	r0, r1
  52              	.LVL3:
  53              	.L1:
  13:./common/common.c **** 	}
  14:./common/common.c **** 	else
  15:./common/common.c **** 	{
  16:./common/common.c **** 		return value;
  17:./common/common.c **** 	}
  18:./common/common.c **** }
  54              		.loc 1 18 1 view .LVU8
  55 000e 7047     		bx	lr
  56              		.cfi_endproc
  57              	.LFE123:
  59              		.section	.text.float_range,"ax",%progbits
  60              		.align	1
  61              		.global	float_range
  62              		.syntax unified
  63              		.thumb
  64              		.thumb_func
  65              		.fpu fpv4-sp-d16
  67              	float_range:
  68              	.LVL4:
  69              	.LFB124:
  19:./common/common.c **** 
  20:./common/common.c **** 
  21:./common/common.c **** float float_range(float value, float min, float max)
  22:./common/common.c **** {
  70              		.loc 1 22 1 is_stmt 1 view -0
  71              		.cfi_startproc
  72              		@ args = 0, pretend = 0, frame = 0
  73              		@ frame_needed = 0, uses_anonymous_args = 0
  74              		@ link register save eliminated.
  23:./common/common.c **** 	if(value < min)
  75              		.loc 1 23 2 view .LVU10
  76              		.loc 1 23 4 is_stmt 0 view .LVU11
  77 0000 B4EEE00A 		vcmpe.f32	s0, s1
  78 0004 F1EE10FA 		vmrs	APSR_nzcv, FPSCR
  79 0008 07D4     		bmi	.L8
  24:./common/common.c **** 	{
  25:./common/common.c **** 		return min;
  26:./common/common.c **** 	}
  27:./common/common.c **** 	else if(value > max)
  80              		.loc 1 27 7 is_stmt 1 view .LVU12
  81              		.loc 1 27 9 is_stmt 0 view .LVU13
  82 000a B4EEC10A 		vcmpe.f32	s0, s2
  83 000e F1EE10FA 		vmrs	APSR_nzcv, FPSCR
  84 0012 04DD     		ble	.L5
  28:./common/common.c **** 	{
  29:./common/common.c **** 		return max;
  85              		.loc 1 29 10 view .LVU14
  86 0014 B0EE410A 		vmov.f32	s0, s2
  87              	.LVL5:
ARM GAS  /tmp/ccZNIL0B.s 			page 3


  88              		.loc 1 29 10 view .LVU15
  89 0018 7047     		bx	lr
  90              	.LVL6:
  91              	.L8:
  25:./common/common.c **** 	}
  92              		.loc 1 25 10 view .LVU16
  93 001a B0EE600A 		vmov.f32	s0, s1
  94              	.LVL7:
  95              	.L5:
  30:./common/common.c **** 	}
  31:./common/common.c **** 	else
  32:./common/common.c **** 	{
  33:./common/common.c **** 		return value;
  34:./common/common.c **** 	}
  35:./common/common.c **** }
  96              		.loc 1 35 1 view .LVU17
  97 001e 7047     		bx	lr
  98              		.cfi_endproc
  99              	.LFE124:
 101              		.text
 102              	.Letext0:
ARM GAS  /tmp/ccZNIL0B.s 			page 4


DEFINED SYMBOLS
                            *ABS*:0000000000000000 common.c
     /tmp/ccZNIL0B.s:18     .text.int_range:0000000000000000 $t
     /tmp/ccZNIL0B.s:26     .text.int_range:0000000000000000 int_range
     /tmp/ccZNIL0B.s:60     .text.float_range:0000000000000000 $t
     /tmp/ccZNIL0B.s:67     .text.float_range:0000000000000000 float_range

NO UNDEFINED SYMBOLS
