ARM GAS  /tmp/ccqA0v8Y.s 			page 1


   1              		.cpu cortex-m4
   2              		.eabi_attribute 27, 1
   3              		.eabi_attribute 28, 1
   4              		.eabi_attribute 20, 1
   5              		.eabi_attribute 21, 1
   6              		.eabi_attribute 23, 3
   7              		.eabi_attribute 24, 1
   8              		.eabi_attribute 25, 1
   9              		.eabi_attribute 26, 1
  10              		.eabi_attribute 30, 1
  11              		.eabi_attribute 34, 1
  12              		.eabi_attribute 18, 4
  13              		.file	"led.c"
  14              		.text
  15              	.Ltext0:
  16              		.cfi_sections	.debug_frame
  17              		.section	.text.LED_SetValue,"ax",%progbits
  18              		.align	1
  19              		.global	LED_SetValue
  20              		.arch armv7e-m
  21              		.syntax unified
  22              		.thumb
  23              		.thumb_func
  24              		.fpu fpv4-sp-d16
  26              	LED_SetValue:
  27              	.LVL0:
  28              	.LFB123:
  29              		.file 1 "./dal/led/led.c"
   1:./dal/led/led.c **** #include "led.h"
   2:./dal/led/led.c **** 
   3:./dal/led/led.c **** 
   4:./dal/led/led.c **** 
   5:./dal/led/led.c **** void LED_SetValue(LED_t * led, uint32_t value)
   6:./dal/led/led.c **** {
  30              		.loc 1 6 1 view -0
  31              		.cfi_startproc
  32              		@ args = 0, pretend = 0, frame = 0
  33              		@ frame_needed = 0, uses_anonymous_args = 0
   7:./dal/led/led.c **** 	if((NULL != led)
  34              		.loc 1 7 2 view .LVU1
  35              		.loc 1 7 4 is_stmt 0 view .LVU2
  36 0000 28B1     		cbz	r0, .L4
   6:./dal/led/led.c **** 	if((NULL != led)
  37              		.loc 1 6 1 view .LVU3
  38 0002 08B5     		push	{r3, lr}
  39              	.LCFI0:
  40              		.cfi_def_cfa_offset 8
  41              		.cfi_offset 3, -8
  42              		.cfi_offset 14, -4
   8:./dal/led/led.c **** 		&& (NULL != led->SetValue)
  43              		.loc 1 8 18 view .LVU4
  44 0004 0368     		ldr	r3, [r0]
  45              		.loc 1 8 3 view .LVU5
  46 0006 0BB1     		cbz	r3, .L1
   9:./dal/led/led.c **** 	)
  10:./dal/led/led.c **** 	{
  11:./dal/led/led.c **** 		led->SetValue(value);
ARM GAS  /tmp/ccqA0v8Y.s 			page 2


  47              		.loc 1 11 3 is_stmt 1 view .LVU6
  48 0008 0846     		mov	r0, r1
  49              	.LVL1:
  50              		.loc 1 11 3 is_stmt 0 view .LVU7
  51 000a 9847     		blx	r3
  52              	.LVL2:
  53              	.L1:
  12:./dal/led/led.c **** 	}
  13:./dal/led/led.c **** }
  54              		.loc 1 13 1 view .LVU8
  55 000c 08BD     		pop	{r3, pc}
  56              	.LVL3:
  57              	.L4:
  58              	.LCFI1:
  59              		.cfi_def_cfa_offset 0
  60              		.cfi_restore 3
  61              		.cfi_restore 14
  62              		.loc 1 13 1 view .LVU9
  63 000e 7047     		bx	lr
  64              		.cfi_endproc
  65              	.LFE123:
  67              		.text
  68              	.Letext0:
  69              		.file 2 "/usr/lib/gcc/arm-none-eabi/10.3.1/include/stdint.h"
  70              		.file 3 "./dal/led/led.h"
ARM GAS  /tmp/ccqA0v8Y.s 			page 3


DEFINED SYMBOLS
                            *ABS*:0000000000000000 led.c
     /tmp/ccqA0v8Y.s:18     .text.LED_SetValue:0000000000000000 $t
     /tmp/ccqA0v8Y.s:26     .text.LED_SetValue:0000000000000000 LED_SetValue

NO UNDEFINED SYMBOLS
