ARM GAS  /tmp/ccsVwVEm.s 			page 1


   1              		.cpu cortex-m4
   2              		.eabi_attribute 27, 1
   3              		.eabi_attribute 28, 1
   4              		.eabi_attribute 20, 1
   5              		.eabi_attribute 21, 1
   6              		.eabi_attribute 23, 3
   7              		.eabi_attribute 24, 1
   8              		.eabi_attribute 25, 1
   9              		.eabi_attribute 26, 1
  10              		.eabi_attribute 30, 1
  11              		.eabi_attribute 34, 1
  12              		.eabi_attribute 18, 4
  13              		.file	"mpu6050_config.c"
  14              		.text
  15              	.Ltext0:
  16              		.cfi_sections	.debug_frame
  17              		.section	.text.MPU6050_I2CReadReg,"ax",%progbits
  18              		.align	1
  19              		.arch armv7e-m
  20              		.syntax unified
  21              		.thumb
  22              		.thumb_func
  23              		.fpu fpv4-sp-d16
  25              	MPU6050_I2CReadReg:
  26              	.LVL0:
  27              	.LFB124:
  28              		.file 1 "./dev/mpu6050/mpu6050_config.c"
   1:./dev/mpu6050/mpu6050_config.c **** #include "mpu6050_config.h"
   2:./dev/mpu6050/mpu6050_config.c **** 
   3:./dev/mpu6050/mpu6050_config.c **** #include "i2c_hal_config.h"
   4:./dev/mpu6050/mpu6050_config.c **** 
   5:./dev/mpu6050/mpu6050_config.c **** static void MPU6050_I2CWriteReg(uint8_t addr, uint8_t reg, uint8_t *data, uint32_t len)
   6:./dev/mpu6050/mpu6050_config.c **** {
   7:./dev/mpu6050/mpu6050_config.c **** 	
   8:./dev/mpu6050/mpu6050_config.c **** 	I2C_HalSendData(&I2C_Dev1, addr, &reg, 1, data, len);
   9:./dev/mpu6050/mpu6050_config.c **** }
  10:./dev/mpu6050/mpu6050_config.c **** 
  11:./dev/mpu6050/mpu6050_config.c **** static void MPU6050_I2CReadReg(uint8_t addr, uint8_t reg, uint8_t *data, uint32_t len)
  12:./dev/mpu6050/mpu6050_config.c **** {
  29              		.loc 1 12 1 view -0
  30              		.cfi_startproc
  31              		@ args = 0, pretend = 0, frame = 8
  32              		@ frame_needed = 0, uses_anonymous_args = 0
  33              		.loc 1 12 1 is_stmt 0 view .LVU1
  34 0000 00B5     		push	{lr}
  35              	.LCFI0:
  36              		.cfi_def_cfa_offset 4
  37              		.cfi_offset 14, -4
  38 0002 85B0     		sub	sp, sp, #20
  39              	.LCFI1:
  40              		.cfi_def_cfa_offset 24
  41 0004 8DF80F10 		strb	r1, [sp, #15]
  13:./dev/mpu6050/mpu6050_config.c **** 	
  14:./dev/mpu6050/mpu6050_config.c **** 	I2C_HalReadData(&I2C_Dev1, addr, &reg, 1, data, len);
  42              		.loc 1 14 2 is_stmt 1 view .LVU2
  43 0008 0193     		str	r3, [sp, #4]
  44 000a 0092     		str	r2, [sp]
ARM GAS  /tmp/ccsVwVEm.s 			page 2


  45 000c 0123     		movs	r3, #1
  46              	.LVL1:
  47              		.loc 1 14 2 is_stmt 0 view .LVU3
  48 000e 0DF10F02 		add	r2, sp, #15
  49              	.LVL2:
  50              		.loc 1 14 2 view .LVU4
  51 0012 0146     		mov	r1, r0
  52              	.LVL3:
  53              		.loc 1 14 2 view .LVU5
  54 0014 0248     		ldr	r0, .L3
  55              	.LVL4:
  56              		.loc 1 14 2 view .LVU6
  57 0016 FFF7FEFF 		bl	I2C_HalReadData
  58              	.LVL5:
  15:./dev/mpu6050/mpu6050_config.c **** }
  59              		.loc 1 15 1 view .LVU7
  60 001a 05B0     		add	sp, sp, #20
  61              	.LCFI2:
  62              		.cfi_def_cfa_offset 4
  63              		@ sp needed
  64 001c 5DF804FB 		ldr	pc, [sp], #4
  65              	.L4:
  66              		.align	2
  67              	.L3:
  68 0020 00000000 		.word	I2C_Dev1
  69              		.cfi_endproc
  70              	.LFE124:
  72              		.section	.text.MPU6050_I2CWriteReg,"ax",%progbits
  73              		.align	1
  74              		.syntax unified
  75              		.thumb
  76              		.thumb_func
  77              		.fpu fpv4-sp-d16
  79              	MPU6050_I2CWriteReg:
  80              	.LVL6:
  81              	.LFB123:
   6:./dev/mpu6050/mpu6050_config.c **** 	
  82              		.loc 1 6 1 is_stmt 1 view -0
  83              		.cfi_startproc
  84              		@ args = 0, pretend = 0, frame = 8
  85              		@ frame_needed = 0, uses_anonymous_args = 0
   6:./dev/mpu6050/mpu6050_config.c **** 	
  86              		.loc 1 6 1 is_stmt 0 view .LVU9
  87 0000 00B5     		push	{lr}
  88              	.LCFI3:
  89              		.cfi_def_cfa_offset 4
  90              		.cfi_offset 14, -4
  91 0002 85B0     		sub	sp, sp, #20
  92              	.LCFI4:
  93              		.cfi_def_cfa_offset 24
  94 0004 8DF80F10 		strb	r1, [sp, #15]
   8:./dev/mpu6050/mpu6050_config.c **** }
  95              		.loc 1 8 2 is_stmt 1 view .LVU10
  96 0008 0193     		str	r3, [sp, #4]
  97 000a 0092     		str	r2, [sp]
  98 000c 0123     		movs	r3, #1
  99              	.LVL7:
ARM GAS  /tmp/ccsVwVEm.s 			page 3


   8:./dev/mpu6050/mpu6050_config.c **** }
 100              		.loc 1 8 2 is_stmt 0 view .LVU11
 101 000e 0DF10F02 		add	r2, sp, #15
 102              	.LVL8:
   8:./dev/mpu6050/mpu6050_config.c **** }
 103              		.loc 1 8 2 view .LVU12
 104 0012 0146     		mov	r1, r0
 105              	.LVL9:
   8:./dev/mpu6050/mpu6050_config.c **** }
 106              		.loc 1 8 2 view .LVU13
 107 0014 0248     		ldr	r0, .L7
 108              	.LVL10:
   8:./dev/mpu6050/mpu6050_config.c **** }
 109              		.loc 1 8 2 view .LVU14
 110 0016 FFF7FEFF 		bl	I2C_HalSendData
 111              	.LVL11:
   9:./dev/mpu6050/mpu6050_config.c **** 
 112              		.loc 1 9 1 view .LVU15
 113 001a 05B0     		add	sp, sp, #20
 114              	.LCFI5:
 115              		.cfi_def_cfa_offset 4
 116              		@ sp needed
 117 001c 5DF804FB 		ldr	pc, [sp], #4
 118              	.L8:
 119              		.align	2
 120              	.L7:
 121 0020 00000000 		.word	I2C_Dev1
 122              		.cfi_endproc
 123              	.LFE123:
 125              		.global	MPU6050
 126              		.section	.data.MPU6050,"aw"
 127              		.align	2
 130              	MPU6050:
 131 0000 68       		.byte	104
 132 0001 03       		.byte	3
 133 0002 00       		.byte	0
 134 0003 00       		.space	1
 135 0004 00000000 		.word	MPU6050_I2CWriteReg
 136 0008 00000000 		.word	MPU6050_I2CReadReg
 137 000c 0000     		.short	0
 138 000e 0000     		.short	0
 139 0010 0000     		.short	0
 140 0012 0000     		.space	2
 141              		.text
 142              	.Letext0:
 143              		.file 2 "/usr/lib/gcc/arm-none-eabi/10.3.1/include/stdint.h"
 144              		.file 3 "./dev/mpu6050/mpu6050.h"
 145              		.file 4 "hal/i2c/i2c_hal.h"
 146              		.file 5 "./dev/mpu6050/mpu6050_config.h"
 147              		.file 6 "hal/i2c/i2c_hal_config.h"
ARM GAS  /tmp/ccsVwVEm.s 			page 4


DEFINED SYMBOLS
                            *ABS*:0000000000000000 mpu6050_config.c
     /tmp/ccsVwVEm.s:18     .text.MPU6050_I2CReadReg:0000000000000000 $t
     /tmp/ccsVwVEm.s:25     .text.MPU6050_I2CReadReg:0000000000000000 MPU6050_I2CReadReg
     /tmp/ccsVwVEm.s:68     .text.MPU6050_I2CReadReg:0000000000000020 $d
     /tmp/ccsVwVEm.s:73     .text.MPU6050_I2CWriteReg:0000000000000000 $t
     /tmp/ccsVwVEm.s:79     .text.MPU6050_I2CWriteReg:0000000000000000 MPU6050_I2CWriteReg
     /tmp/ccsVwVEm.s:121    .text.MPU6050_I2CWriteReg:0000000000000020 $d
     /tmp/ccsVwVEm.s:130    .data.MPU6050:0000000000000000 MPU6050
     /tmp/ccsVwVEm.s:127    .data.MPU6050:0000000000000000 $d

UNDEFINED SYMBOLS
I2C_HalReadData
I2C_Dev1
I2C_HalSendData
