ARM GAS  /tmp/ccEPsPZD.s 			page 1


   1              		.cpu cortex-m4
   2              		.eabi_attribute 27, 1
   3              		.eabi_attribute 28, 1
   4              		.eabi_attribute 20, 1
   5              		.eabi_attribute 21, 1
   6              		.eabi_attribute 23, 3
   7              		.eabi_attribute 24, 1
   8              		.eabi_attribute 25, 1
   9              		.eabi_attribute 26, 1
  10              		.eabi_attribute 30, 1
  11              		.eabi_attribute 34, 1
  12              		.eabi_attribute 18, 4
  13              		.file	"simulation_i2c_config.c"
  14              		.text
  15              	.Ltext0:
  16              		.cfi_sections	.debug_frame
  17              		.section	.text.SimulationI2C1_SDARead,"ax",%progbits
  18              		.align	1
  19              		.arch armv7e-m
  20              		.syntax unified
  21              		.thumb
  22              		.thumb_func
  23              		.fpu fpv4-sp-d16
  25              	SimulationI2C1_SDARead:
  26              	.LFB126:
  27              		.file 1 "./hal/simulation_i2c/simulation_i2c_config.c"
   1:./hal/simulation_i2c/simulation_i2c_config.c **** #include "simulation_i2c_config.h"
   2:./hal/simulation_i2c/simulation_i2c_config.c **** 
   3:./hal/simulation_i2c/simulation_i2c_config.c **** #include "at32f4xx.h"
   4:./hal/simulation_i2c/simulation_i2c_config.c **** #include "at32f4xx_gpio_ex.h"
   5:./hal/simulation_i2c/simulation_i2c_config.c **** 
   6:./hal/simulation_i2c/simulation_i2c_config.c **** 
   7:./hal/simulation_i2c/simulation_i2c_config.c **** 
   8:./hal/simulation_i2c/simulation_i2c_config.c **** 
   9:./hal/simulation_i2c/simulation_i2c_config.c **** #include "gpio_config.h"
  10:./hal/simulation_i2c/simulation_i2c_config.c **** 
  11:./hal/simulation_i2c/simulation_i2c_config.c **** #define SIMULATION_I2C_DELAY_COUNT            (20)
  12:./hal/simulation_i2c/simulation_i2c_config.c **** 
  13:./hal/simulation_i2c/simulation_i2c_config.c **** 
  14:./hal/simulation_i2c/simulation_i2c_config.c **** 
  15:./hal/simulation_i2c/simulation_i2c_config.c **** static void SimulationI2C1_SCLSet(uint8_t value)
  16:./hal/simulation_i2c/simulation_i2c_config.c **** {
  17:./hal/simulation_i2c/simulation_i2c_config.c **** 	if(0 == value)
  18:./hal/simulation_i2c/simulation_i2c_config.c **** 	{
  19:./hal/simulation_i2c/simulation_i2c_config.c **** 	 	GPIO_ResetBits(SIMULATION_I2C_SCL_GPIO, SIMULATION_I2C_SCL_GPIO_PIN);
  20:./hal/simulation_i2c/simulation_i2c_config.c **** 	}
  21:./hal/simulation_i2c/simulation_i2c_config.c **** 	else
  22:./hal/simulation_i2c/simulation_i2c_config.c **** 	{
  23:./hal/simulation_i2c/simulation_i2c_config.c **** 		GPIO_SetBits(SIMULATION_I2C_SCL_GPIO, SIMULATION_I2C_SCL_GPIO_PIN);
  24:./hal/simulation_i2c/simulation_i2c_config.c **** 	}
  25:./hal/simulation_i2c/simulation_i2c_config.c **** }
  26:./hal/simulation_i2c/simulation_i2c_config.c **** 
  27:./hal/simulation_i2c/simulation_i2c_config.c **** static void SimulationI2C1_SDASet(uint8_t value)
  28:./hal/simulation_i2c/simulation_i2c_config.c **** {
  29:./hal/simulation_i2c/simulation_i2c_config.c **** 	if(0 == value)
  30:./hal/simulation_i2c/simulation_i2c_config.c **** 	{
  31:./hal/simulation_i2c/simulation_i2c_config.c **** 	 	GPIO_ResetBits(SIMULATION_I2C_SDA_GPIO, SIMULATION_I2C_SDA_GPIO_PIN);
ARM GAS  /tmp/ccEPsPZD.s 			page 2


  32:./hal/simulation_i2c/simulation_i2c_config.c **** 	}
  33:./hal/simulation_i2c/simulation_i2c_config.c **** 	else
  34:./hal/simulation_i2c/simulation_i2c_config.c **** 	{
  35:./hal/simulation_i2c/simulation_i2c_config.c **** 		GPIO_SetBits(SIMULATION_I2C_SDA_GPIO, SIMULATION_I2C_SDA_GPIO_PIN);
  36:./hal/simulation_i2c/simulation_i2c_config.c **** 	}
  37:./hal/simulation_i2c/simulation_i2c_config.c **** }
  38:./hal/simulation_i2c/simulation_i2c_config.c **** 
  39:./hal/simulation_i2c/simulation_i2c_config.c **** static void SimulationI2C1_SDADirSet(E_SIMULATION_I2C_SDA_DIR dir)
  40:./hal/simulation_i2c/simulation_i2c_config.c **** {
  41:./hal/simulation_i2c/simulation_i2c_config.c **** 	if(E_SIMULATION_I2C_SDA_RX == dir)
  42:./hal/simulation_i2c/simulation_i2c_config.c **** 	{
  43:./hal/simulation_i2c/simulation_i2c_config.c **** 		GPIO_SetBits(SIMULATION_I2C_SDA_GPIO, SIMULATION_I2C_SDA_GPIO_PIN);
  44:./hal/simulation_i2c/simulation_i2c_config.c **** 	}
  45:./hal/simulation_i2c/simulation_i2c_config.c **** }
  46:./hal/simulation_i2c/simulation_i2c_config.c **** 
  47:./hal/simulation_i2c/simulation_i2c_config.c **** static uint8_t SimulationI2C1_SDARead()
  48:./hal/simulation_i2c/simulation_i2c_config.c **** {
  28              		.loc 1 48 1 view -0
  29              		.cfi_startproc
  30              		@ args = 0, pretend = 0, frame = 0
  31              		@ frame_needed = 0, uses_anonymous_args = 0
  32 0000 08B5     		push	{r3, lr}
  33              	.LCFI0:
  34              		.cfi_def_cfa_offset 8
  35              		.cfi_offset 3, -8
  36              		.cfi_offset 14, -4
  49:./hal/simulation_i2c/simulation_i2c_config.c **** 	return GPIO_ReadInputDataBit(SIMULATION_I2C_SDA_GPIO, SIMULATION_I2C_SDA_GPIO_PIN);
  37              		.loc 1 49 2 view .LVU1
  38              		.loc 1 49 9 is_stmt 0 view .LVU2
  39 0002 4FF40041 		mov	r1, #32768
  40 0006 0248     		ldr	r0, .L3
  41 0008 FFF7FEFF 		bl	GPIO_ReadInputDataBit
  42              	.LVL0:
  50:./hal/simulation_i2c/simulation_i2c_config.c **** }
  43              		.loc 1 50 1 view .LVU3
  44 000c 08BD     		pop	{r3, pc}
  45              	.L4:
  46 000e 00BF     		.align	2
  47              	.L3:
  48 0010 00040048 		.word	1207960576
  49              		.cfi_endproc
  50              	.LFE126:
  52              		.section	.text.SimulationI2C1_SDADirSet,"ax",%progbits
  53              		.align	1
  54              		.syntax unified
  55              		.thumb
  56              		.thumb_func
  57              		.fpu fpv4-sp-d16
  59              	SimulationI2C1_SDADirSet:
  60              	.LVL1:
  61              	.LFB125:
  40:./hal/simulation_i2c/simulation_i2c_config.c **** 	if(E_SIMULATION_I2C_SDA_RX == dir)
  62              		.loc 1 40 1 is_stmt 1 view -0
  63              		.cfi_startproc
  64              		@ args = 0, pretend = 0, frame = 0
  65              		@ frame_needed = 0, uses_anonymous_args = 0
  41:./hal/simulation_i2c/simulation_i2c_config.c **** 	{
ARM GAS  /tmp/ccEPsPZD.s 			page 3


  66              		.loc 1 41 2 view .LVU5
  41:./hal/simulation_i2c/simulation_i2c_config.c **** 	{
  67              		.loc 1 41 4 is_stmt 0 view .LVU6
  68 0000 00B1     		cbz	r0, .L11
  69 0002 7047     		bx	lr
  70              	.L11:
  40:./hal/simulation_i2c/simulation_i2c_config.c **** 	if(E_SIMULATION_I2C_SDA_RX == dir)
  71              		.loc 1 40 1 view .LVU7
  72 0004 08B5     		push	{r3, lr}
  73              	.LCFI1:
  74              		.cfi_def_cfa_offset 8
  75              		.cfi_offset 3, -8
  76              		.cfi_offset 14, -4
  43:./hal/simulation_i2c/simulation_i2c_config.c **** 	}
  77              		.loc 1 43 3 is_stmt 1 view .LVU8
  78 0006 4FF40041 		mov	r1, #32768
  79 000a 0248     		ldr	r0, .L12
  80              	.LVL2:
  43:./hal/simulation_i2c/simulation_i2c_config.c **** 	}
  81              		.loc 1 43 3 is_stmt 0 view .LVU9
  82 000c FFF7FEFF 		bl	GPIO_SetBits
  83              	.LVL3:
  45:./hal/simulation_i2c/simulation_i2c_config.c **** 
  84              		.loc 1 45 1 view .LVU10
  85 0010 08BD     		pop	{r3, pc}
  86              	.L13:
  87 0012 00BF     		.align	2
  88              	.L12:
  89 0014 00040048 		.word	1207960576
  90              		.cfi_endproc
  91              	.LFE125:
  93              		.section	.text.SimulationI2C1_SDASet,"ax",%progbits
  94              		.align	1
  95              		.syntax unified
  96              		.thumb
  97              		.thumb_func
  98              		.fpu fpv4-sp-d16
 100              	SimulationI2C1_SDASet:
 101              	.LVL4:
 102              	.LFB124:
  28:./hal/simulation_i2c/simulation_i2c_config.c **** 	if(0 == value)
 103              		.loc 1 28 1 is_stmt 1 view -0
 104              		.cfi_startproc
 105              		@ args = 0, pretend = 0, frame = 0
 106              		@ frame_needed = 0, uses_anonymous_args = 0
  28:./hal/simulation_i2c/simulation_i2c_config.c **** 	if(0 == value)
 107              		.loc 1 28 1 is_stmt 0 view .LVU12
 108 0000 08B5     		push	{r3, lr}
 109              	.LCFI2:
 110              		.cfi_def_cfa_offset 8
 111              		.cfi_offset 3, -8
 112              		.cfi_offset 14, -4
  29:./hal/simulation_i2c/simulation_i2c_config.c **** 	{
 113              		.loc 1 29 2 is_stmt 1 view .LVU13
  29:./hal/simulation_i2c/simulation_i2c_config.c **** 	{
 114              		.loc 1 29 4 is_stmt 0 view .LVU14
 115 0002 28B9     		cbnz	r0, .L15
ARM GAS  /tmp/ccEPsPZD.s 			page 4


  31:./hal/simulation_i2c/simulation_i2c_config.c **** 	}
 116              		.loc 1 31 4 is_stmt 1 view .LVU15
 117 0004 4FF40041 		mov	r1, #32768
 118 0008 0448     		ldr	r0, .L18
 119              	.LVL5:
  31:./hal/simulation_i2c/simulation_i2c_config.c **** 	}
 120              		.loc 1 31 4 is_stmt 0 view .LVU16
 121 000a FFF7FEFF 		bl	GPIO_ResetBits
 122              	.LVL6:
 123              	.L14:
  37:./hal/simulation_i2c/simulation_i2c_config.c **** 
 124              		.loc 1 37 1 view .LVU17
 125 000e 08BD     		pop	{r3, pc}
 126              	.LVL7:
 127              	.L15:
  35:./hal/simulation_i2c/simulation_i2c_config.c **** 	}
 128              		.loc 1 35 3 is_stmt 1 view .LVU18
 129 0010 4FF40041 		mov	r1, #32768
 130 0014 0148     		ldr	r0, .L18
 131              	.LVL8:
  35:./hal/simulation_i2c/simulation_i2c_config.c **** 	}
 132              		.loc 1 35 3 is_stmt 0 view .LVU19
 133 0016 FFF7FEFF 		bl	GPIO_SetBits
 134              	.LVL9:
  37:./hal/simulation_i2c/simulation_i2c_config.c **** 
 135              		.loc 1 37 1 view .LVU20
 136 001a F8E7     		b	.L14
 137              	.L19:
 138              		.align	2
 139              	.L18:
 140 001c 00040048 		.word	1207960576
 141              		.cfi_endproc
 142              	.LFE124:
 144              		.section	.text.SimulationI2C1_SCLSet,"ax",%progbits
 145              		.align	1
 146              		.syntax unified
 147              		.thumb
 148              		.thumb_func
 149              		.fpu fpv4-sp-d16
 151              	SimulationI2C1_SCLSet:
 152              	.LVL10:
 153              	.LFB123:
  16:./hal/simulation_i2c/simulation_i2c_config.c **** 	if(0 == value)
 154              		.loc 1 16 1 is_stmt 1 view -0
 155              		.cfi_startproc
 156              		@ args = 0, pretend = 0, frame = 0
 157              		@ frame_needed = 0, uses_anonymous_args = 0
  16:./hal/simulation_i2c/simulation_i2c_config.c **** 	if(0 == value)
 158              		.loc 1 16 1 is_stmt 0 view .LVU22
 159 0000 08B5     		push	{r3, lr}
 160              	.LCFI3:
 161              		.cfi_def_cfa_offset 8
 162              		.cfi_offset 3, -8
 163              		.cfi_offset 14, -4
  17:./hal/simulation_i2c/simulation_i2c_config.c **** 	{
 164              		.loc 1 17 2 is_stmt 1 view .LVU23
  17:./hal/simulation_i2c/simulation_i2c_config.c **** 	{
ARM GAS  /tmp/ccEPsPZD.s 			page 5


 165              		.loc 1 17 4 is_stmt 0 view .LVU24
 166 0002 30B9     		cbnz	r0, .L21
  19:./hal/simulation_i2c/simulation_i2c_config.c **** 	}
 167              		.loc 1 19 4 is_stmt 1 view .LVU25
 168 0004 4FF48071 		mov	r1, #256
 169 0008 4FF09040 		mov	r0, #1207959552
 170              	.LVL11:
  19:./hal/simulation_i2c/simulation_i2c_config.c **** 	}
 171              		.loc 1 19 4 is_stmt 0 view .LVU26
 172 000c FFF7FEFF 		bl	GPIO_ResetBits
 173              	.LVL12:
 174              	.L20:
  25:./hal/simulation_i2c/simulation_i2c_config.c **** 
 175              		.loc 1 25 1 view .LVU27
 176 0010 08BD     		pop	{r3, pc}
 177              	.LVL13:
 178              	.L21:
  23:./hal/simulation_i2c/simulation_i2c_config.c **** 	}
 179              		.loc 1 23 3 is_stmt 1 view .LVU28
 180 0012 4FF48071 		mov	r1, #256
 181 0016 4FF09040 		mov	r0, #1207959552
 182              	.LVL14:
  23:./hal/simulation_i2c/simulation_i2c_config.c **** 	}
 183              		.loc 1 23 3 is_stmt 0 view .LVU29
 184 001a FFF7FEFF 		bl	GPIO_SetBits
 185              	.LVL15:
  25:./hal/simulation_i2c/simulation_i2c_config.c **** 
 186              		.loc 1 25 1 view .LVU30
 187 001e F7E7     		b	.L20
 188              		.cfi_endproc
 189              	.LFE123:
 191              		.global	SimulationI2C1
 192              		.section	.data.SimulationI2C1,"aw"
 193              		.align	2
 196              	SimulationI2C1:
 197 0000 14000000 		.word	20
 198 0004 00000000 		.word	SimulationI2C1_SCLSet
 199 0008 00000000 		.word	SimulationI2C1_SDASet
 200 000c 00000000 		.word	SimulationI2C1_SDADirSet
 201 0010 00000000 		.word	SimulationI2C1_SDARead
 202              		.text
 203              	.Letext0:
 204              		.file 2 "/usr/lib/gcc/arm-none-eabi/10.3.1/include/stdint.h"
 205              		.file 3 "CMSIS/at32f4xx.h"
 206              		.file 4 "./hal/simulation_i2c/simulation_i2c.h"
 207              		.file 5 "lib/inc/at32f4xx_gpio_ex.h"
 208              		.file 6 "./hal/simulation_i2c/simulation_i2c_config.h"
ARM GAS  /tmp/ccEPsPZD.s 			page 6


DEFINED SYMBOLS
                            *ABS*:0000000000000000 simulation_i2c_config.c
     /tmp/ccEPsPZD.s:18     .text.SimulationI2C1_SDARead:0000000000000000 $t
     /tmp/ccEPsPZD.s:25     .text.SimulationI2C1_SDARead:0000000000000000 SimulationI2C1_SDARead
     /tmp/ccEPsPZD.s:48     .text.SimulationI2C1_SDARead:0000000000000010 $d
     /tmp/ccEPsPZD.s:53     .text.SimulationI2C1_SDADirSet:0000000000000000 $t
     /tmp/ccEPsPZD.s:59     .text.SimulationI2C1_SDADirSet:0000000000000000 SimulationI2C1_SDADirSet
     /tmp/ccEPsPZD.s:89     .text.SimulationI2C1_SDADirSet:0000000000000014 $d
     /tmp/ccEPsPZD.s:94     .text.SimulationI2C1_SDASet:0000000000000000 $t
     /tmp/ccEPsPZD.s:100    .text.SimulationI2C1_SDASet:0000000000000000 SimulationI2C1_SDASet
     /tmp/ccEPsPZD.s:140    .text.SimulationI2C1_SDASet:000000000000001c $d
     /tmp/ccEPsPZD.s:145    .text.SimulationI2C1_SCLSet:0000000000000000 $t
     /tmp/ccEPsPZD.s:151    .text.SimulationI2C1_SCLSet:0000000000000000 SimulationI2C1_SCLSet
     /tmp/ccEPsPZD.s:196    .data.SimulationI2C1:0000000000000000 SimulationI2C1
     /tmp/ccEPsPZD.s:193    .data.SimulationI2C1:0000000000000000 $d

UNDEFINED SYMBOLS
GPIO_ReadInputDataBit
GPIO_SetBits
GPIO_ResetBits
